\BOOKMARK [0][-]{chapter.1}{Introduction}{}% 1
\BOOKMARK [-1][-]{part.1}{I Theory}{}% 2
\BOOKMARK [0][-]{chapter.2}{Background}{part.1}% 3
\BOOKMARK [1][-]{section.2.1}{Overview of sold-state physics}{chapter.2}% 4
\BOOKMARK [1][-]{section.2.2}{3d Silicides}{chapter.2}% 5
\BOOKMARK [0][-]{chapter.3}{High-Entropy alloys}{part.1}% 6
\BOOKMARK [1][-]{section.3.1}{Fundamentals}{chapter.3}% 7
\BOOKMARK [1][-]{section.3.2}{Core effects and properties of high-entropy alloys}{chapter.3}% 8
\BOOKMARK [0][-]{chapter.4}{Special quasi-random Structures}{part.1}% 9
\BOOKMARK [1][-]{section.4.1}{The fundamentals of SQS}{chapter.4}% 10
\BOOKMARK [1][-]{section.4.2}{Mathematical formulation}{chapter.4}% 11
\BOOKMARK [1][-]{section.4.3}{Application of SQS to high-entropy alloys - Add figure}{chapter.4}% 12
\BOOKMARK [0][-]{chapter.5}{Density-Functional Theory}{part.1}% 13
\BOOKMARK [1][-]{section.5.1}{Review of Quantum Mechanics}{chapter.5}% 14
\BOOKMARK [2][-]{subsection.5.1.1}{The Shr\366dinger equation}{section.5.1}% 15
\BOOKMARK [2][-]{subsection.5.1.2}{Simplifications and approximations to solve the many-electron Shr\366dinger equation}{section.5.1}% 16
\BOOKMARK [1][-]{section.5.2}{Fundamentals of Density-Functional Theory}{chapter.5}% 17
\BOOKMARK [1][-]{section.5.3}{Limitations of DFT}{chapter.5}% 18
\BOOKMARK [-1][-]{part.2}{II Methodology and Implementation}{}% 19
\BOOKMARK [0][-]{chapter.6}{Practical application of DFT}{part.2}% 20
\BOOKMARK [1][-]{section.6.1}{The Exchange-Correlation functional}{chapter.6}% 21
\BOOKMARK [1][-]{section.6.2}{Fundamental aspects of practical DFT calculations}{chapter.6}% 22
\BOOKMARK [1][-]{section.6.3}{Self-consistent field calculation}{chapter.6}% 23
\BOOKMARK [0][-]{chapter.7}{Computational details}{part.2}% 24
\BOOKMARK [1][-]{section.7.1}{Vienna Ab initio Simulation Package}{chapter.7}% 25
\BOOKMARK [1][-]{section.7.2}{Generation of SQS}{chapter.7}% 26
\BOOKMARK [1][-]{section.7.3}{Band-structure}{chapter.7}% 27
\BOOKMARK [1][-]{section.7.4}{Utility scripts}{chapter.7}% 28
\BOOKMARK [-1][-]{part.3}{III Results and Discussion}{}% 29
\BOOKMARK [0][-]{chapter.8}{Working title}{part.3}% 30
